{
  "RSpec": {
    "coverage": {
      "/Users/timothychepeleff/challenges/apps/breakable_toy/spec/features/user_creates_profile_spec.rb": [
        1,
        null,
        1,
        null,
        null,
        null,
        null,
        null,
        1,
        1,
        null,
        1,
        null,
        1,
        1,
        null,
        1,
        1,
        null,
        1,
        null,
        null
      ],
      "/Users/timothychepeleff/challenges/apps/breakable_toy/spec/rails_helper.rb": [
        null,
        1,
        1,
        1,
        1,
        1,
        1,
        1,
        1,
        1,
        1,
        1,
        1,
        1,
        1,
        1,
        null,
        1,
        1,
        null,
        1,
        null,
        1,
        1,
        1,
        null,
        1,
        1,
        null,
        1,
        1,
        1,
        null,
        null,
        1,
        1,
        null,
        null,
        null,
        1,
        1,
        null,
        null,
        1,
        1,
        null,
        null,
        1,
        1,
        null,
        null,
        1,
        null,
        1,
        null,
        1,
        null
      ],
      "/Users/timothychepeleff/challenges/apps/breakable_toy/config/environment.rb": [
        null,
        1,
        null,
        null,
        1
      ],
      "/Users/timothychepeleff/challenges/apps/breakable_toy/config/application.rb": [
        1,
        null,
        1,
        null,
        1,
        1,
        1,
        1,
        1,
        1,
        1,
        1,
        null,
        null,
        1,
        1,
        1,
        null,
        null
      ],
      "/Users/timothychepeleff/challenges/apps/breakable_toy/config/boot.rb": [
        1,
        null,
        1
      ],
      "/Users/timothychepeleff/challenges/apps/breakable_toy/config/environments/test.rb": [
        1,
        null,
        null,
        null,
        null,
        null,
        null,
        1,
        null,
        null,
        null,
        null,
        1,
        null,
        null,
        1,
        1,
        null,
        null,
        1,
        1,
        null,
        null,
        1,
        null,
        null,
        1,
        null,
        null,
        null,
        null,
        1,
        null,
        null,
        1,
        null,
        null,
        1,
        null,
        null,
        null,
        null
      ],
      "/Users/timothychepeleff/challenges/apps/breakable_toy/config/initializers/assets.rb": [
        null,
        null,
        null,
        1,
        null,
        null,
        null,
        null,
        null,
        null,
        null
      ],
      "/Users/timothychepeleff/challenges/apps/breakable_toy/config/initializers/backtrace_silencers.rb": [
        null,
        null,
        null,
        null,
        null,
        null,
        null
      ],
      "/Users/timothychepeleff/challenges/apps/breakable_toy/config/initializers/chartkick.rb": [
        1,
        null,
        null,
        null,
        null,
        null,
        null,
        null,
        null,
        null,
        null,
        null,
        null,
        null,
        null,
        null,
        null,
        null,
        null,
        null,
        null,
        null,
        null,
        null,
        null,
        null,
        null,
        null,
        null,
        null,
        null,
        null,
        null,
        null,
        null,
        null,
        null,
        null,
        null,
        null,
        null,
        null,
        null,
        null,
        null,
        null,
        null,
        null,
        null,
        null,
        null,
        null,
        null,
        null,
        null,
        null,
        null,
        null,
        null,
        null,
        null,
        null,
        null,
        null,
        null,
        null,
        null,
        null,
        null,
        null,
        null,
        null,
        null,
        null,
        null,
        null,
        null,
        null,
        null,
        null,
        null,
        null,
        null,
        null,
        null,
        null,
        null,
        null,
        null,
        null,
        null,
        null,
        null,
        null,
        null,
        null,
        null,
        null,
        null,
        null,
        null,
        null,
        null,
        null,
        null,
        null,
        null,
        null,
        null,
        null,
        null,
        null,
        null,
        null,
        null,
        null,
        null,
        null,
        null,
        null,
        null,
        null,
        null,
        null,
        null,
        null,
        null,
        null,
        null,
        null,
        null,
        null,
        null,
        null,
        null,
        null,
        null,
        null,
        null,
        null,
        null,
        null,
        null,
        null,
        null,
        null,
        null,
        null,
        null,
        null,
        null,
        null,
        null,
        null,
        null,
        null,
        null,
        null,
        null,
        null,
        null,
        null,
        null,
        null,
        null,
        null,
        null,
        null,
        null,
        null,
        null,
        null,
        null,
        null,
        null,
        null,
        null,
        null,
        null,
        null,
        null,
        null,
        null,
        null
      ],
      "/Users/timothychepeleff/challenges/apps/breakable_toy/config/initializers/cookies_serializer.rb": [
        null,
        null,
        1
      ],
      "/Users/timothychepeleff/challenges/apps/breakable_toy/config/initializers/devise.rb": [
        1,
        1,
        null,
        1,
        1,
        1,
        1,
        1,
        1,
        1,
        1,
        1,
        1,
        null,
        1,
        null
      ],
      "/Users/timothychepeleff/challenges/apps/breakable_toy/config/initializers/filter_parameter_logging.rb": [
        null,
        null,
        null,
        1
      ],
      "/Users/timothychepeleff/challenges/apps/breakable_toy/config/initializers/inflections.rb": [
        null,
        null,
        null,
        null,
        null,
        null,
        null,
        null,
        null,
        null,
        null,
        null,
        null,
        null,
        null,
        null
      ],
      "/Users/timothychepeleff/challenges/apps/breakable_toy/config/initializers/mime_types.rb": [
        null,
        null,
        null,
        null
      ],
      "/Users/timothychepeleff/challenges/apps/breakable_toy/config/initializers/session_store.rb": [
        null,
        null,
        1
      ],
      "/Users/timothychepeleff/challenges/apps/breakable_toy/config/initializers/wrap_parameters.rb": [
        null,
        null,
        null,
        null,
        null,
        null,
        1,
        1,
        null,
        null,
        null,
        null,
        null,
        null
      ],
      "/Users/timothychepeleff/challenges/apps/breakable_toy/config/routes.rb": [
        1,
        1,
        1,
        null,
        1,
        1,
        null,
        null,
        1,
        1,
        null,
        null,
        1,
        null,
        1,
        null,
        1,
        1,
        null,
        null
      ],
      "/Users/timothychepeleff/challenges/apps/breakable_toy/app/models/user.rb": [
        1,
        1,
        1,
        1,
        1,
        1,
        1,
        1,
        1,
        1,
        1,
        1,
        1,
        null,
        1,
        null,
        null,
        null,
        1,
        null,
        null,
        null,
        1,
        1,
        0,
        0,
        0,
        0,
        0,
        0,
        0,
        0,
        0,
        null,
        null,
        null,
        1,
        0,
        0,
        null,
        0,
        0,
        0,
        0,
        0,
        null,
        null,
        0,
        0,
        0,
        0,
        0,
        0,
        null,
        null,
        0,
        null,
        0,
        0,
        null,
        null,
        null,
        1,
        0,
        null,
        null,
        1,
        0,
        null,
        null,
        1,
        0,
        null,
        null,
        1,
        0,
        0,
        0,
        null,
        0,
        null,
        null,
        1,
        1,
        0,
        null,
        1,
        null,
        0,
        null,
        null,
        1,
        0,
        0,
        null,
        null,
        null,
        1,
        0,
        0,
        0,
        0,
        null,
        null,
        0,
        null,
        null,
        1,
        null,
        null
      ],
      "/Users/timothychepeleff/challenges/apps/breakable_toy/app/helpers/application_helper.rb": [
        1,
        null
      ],
      "/Users/timothychepeleff/challenges/apps/breakable_toy/app/helpers/conversations_helper.rb": [
        1,
        null
      ],
      "/Users/timothychepeleff/challenges/apps/breakable_toy/app/helpers/friendships_helper.rb": [
        1,
        null
      ],
      "/Users/timothychepeleff/challenges/apps/breakable_toy/app/helpers/ideas_helper.rb": [
        1,
        null
      ],
      "/Users/timothychepeleff/challenges/apps/breakable_toy/app/helpers/messages_helper.rb": [
        1,
        1,
        0,
        null,
        null,
        1,
        0,
        null,
        null
      ],
      "/Users/timothychepeleff/challenges/apps/breakable_toy/app/helpers/preferences_helper.rb": [
        1,
        null
      ],
      "/Users/timothychepeleff/challenges/apps/breakable_toy/app/helpers/products_helper.rb": [
        1,
        null
      ],
      "/Users/timothychepeleff/challenges/apps/breakable_toy/app/helpers/profiles_helper.rb": [
        1,
        null
      ],
      "/Users/timothychepeleff/challenges/apps/breakable_toy/app/helpers/rejects_helper.rb": [
        1,
        null
      ],
      "/Users/timothychepeleff/challenges/apps/breakable_toy/app/helpers/static_helper.rb": [
        1,
        null
      ],
      "/Users/timothychepeleff/challenges/apps/breakable_toy/spec/support/valid_attribute.rb": [
        1
      ],
      "/Users/timothychepeleff/challenges/apps/breakable_toy/spec/support/factory_girl.rb": [
        1,
        null,
        1,
        1,
        2,
        1,
        2,
        2,
        1,
        2,
        1,
        null,
        null,
        1,
        1,
        null,
        null
      ],
      "/Users/timothychepeleff/challenges/apps/breakable_toy/spec/support/authentication_helper.rb": [
        1,
        1,
        1,
        1,
        1,
        1,
        null,
        null,
        1,
        1,
        null,
        null,
        null,
        null,
        null,
        null,
        null,
        null,
        null,
        null,
        null,
        null,
        null,
        null,
        null,
        1,
        null,
        null,
        null
      ],
      "/Users/timothychepeleff/challenges/apps/breakable_toy/spec/support/chosen_select.rb": [
        1,
        1,
        4,
        4,
        4,
        4,
        4,
        4,
        null,
        null
      ],
      "/Users/timothychepeleff/challenges/apps/breakable_toy/app/models/skill_seeder.rb": [
        1,
        1,
        1,
        null,
        null,
        null,
        null,
        null,
        null,
        null,
        null,
        null,
        null,
        null,
        null,
        null,
        null,
        null,
        null,
        null,
        null,
        null,
        null,
        null,
        null,
        null,
        null,
        null,
        null,
        null,
        null,
        null,
        null,
        null,
        null,
        null,
        null,
        null,
        null,
        null,
        null,
        null,
        null,
        null,
        null,
        null,
        null,
        null,
        null,
        null,
        null,
        null,
        null,
        null,
        null,
        null,
        null,
        null,
        null,
        null,
        null,
        null,
        null,
        null,
        null,
        null,
        null,
        null,
        null,
        null,
        null,
        null,
        null,
        null,
        null,
        null,
        null,
        null,
        null,
        null,
        null,
        null,
        null,
        null,
        null,
        null,
        null,
        null,
        null,
        null,
        null,
        null,
        null,
        null,
        null,
        null,
        null,
        null,
        null,
        null,
        null,
        null,
        null,
        null,
        null,
        null,
        null,
        null,
        null,
        null,
        null,
        null,
        null,
        null,
        null,
        null,
        null,
        null,
        null,
        null,
        null,
        null,
        null,
        1,
        1,
        121,
        121,
        null,
        null,
        null
      ],
      "/Users/timothychepeleff/challenges/apps/breakable_toy/app/models/skill.rb": [
        1,
        1,
        1,
        1,
        null
      ],
      "/Users/timothychepeleff/challenges/apps/breakable_toy/app/models/preference.rb": [
        1,
        1,
        1,
        1,
        null
      ],
      "/Users/timothychepeleff/challenges/apps/breakable_toy/app/controllers/callbacks_controller.rb": [
        1,
        1,
        1,
        1,
        null,
        null
      ],
      "/Users/timothychepeleff/challenges/apps/breakable_toy/app/controllers/application_controller.rb": [
        1,
        null,
        null,
        1,
        1,
        null,
        1,
        null,
        1,
        1,
        null,
        null,
        null,
        null,
        null,
        null,
        null,
        null,
        null,
        null,
        null,
        null
      ],
      "/Users/timothychepeleff/challenges/apps/breakable_toy/app/controllers/static_controller.rb": [
        1,
        1,
        1,
        1,
        null,
        null,
        null
      ],
      "/Users/timothychepeleff/challenges/apps/breakable_toy/app/controllers/users_controller.rb": [
        1,
        1,
        0,
        0,
        0,
        null,
        0,
        null,
        null,
        0,
        0,
        0,
        null,
        null,
        null,
        1,
        1,
        1,
        1,
        null,
        null,
        1,
        0,
        0,
        0,
        0,
        0,
        0,
        0,
        0,
        null,
        null,
        null,
        0,
        null,
        null,
        0,
        0,
        0,
        0,
        null,
        null,
        null,
        0,
        null,
        0,
        0,
        0,
        null,
        0,
        0,
        null,
        null,
        null,
        1,
        0,
        0,
        null,
        null,
        1,
        null,
        1,
        0,
        null,
        null,
        null,
        null,
        null,
        null,
        null,
        null,
        null,
        null,
        null,
        null
      ],
      "/Users/timothychepeleff/challenges/apps/breakable_toy/app/models/user_preference.rb": [
        1,
        1,
        1,
        1,
        1,
        null
      ],
      "/Users/timothychepeleff/challenges/apps/breakable_toy/app/models/user_skill.rb": [
        1,
        1,
        1,
        1,
        1,
        null
      ]
    },
    "timestamp": 1437595740
  }
}
