{
  "RSpec": {
    "coverage": {
      "/Users/timothychepeleff/challenges/apps/breakable_toy/spec/controllers/conversations_controller_spec.rb": [
        1,
        null,
        1,
        null,
        null
      ],
      "/Users/timothychepeleff/challenges/apps/breakable_toy/spec/rails_helper.rb": [
        null,
        1,
        1,
        1,
        1,
        1,
        1,
        1,
        1,
        1,
        1,
        1,
        null,
        null,
        1,
        null,
        1,
        1,
        null,
        1,
        1,
        null,
        1,
        1,
        null,
        1,
        null,
        1,
        null
      ],
      "/Users/timothychepeleff/challenges/apps/breakable_toy/config/environment.rb": [
        null,
        1,
        null,
        null,
        1
      ],
      "/Users/timothychepeleff/challenges/apps/breakable_toy/config/application.rb": [
        1,
        null,
        1,
        null,
        1,
        1,
        1,
        1,
        1,
        1,
        1,
        1,
        null,
        null,
        1,
        1,
        1,
        null,
        null
      ],
      "/Users/timothychepeleff/challenges/apps/breakable_toy/config/boot.rb": [
        1,
        null,
        1
      ],
      "/Users/timothychepeleff/challenges/apps/breakable_toy/config/environments/test.rb": [
        1,
        null,
        null,
        null,
        null,
        null,
        null,
        1,
        null,
        null,
        null,
        null,
        1,
        null,
        null,
        1,
        1,
        null,
        null,
        1,
        1,
        null,
        null,
        1,
        null,
        null,
        1,
        null,
        null,
        null,
        null,
        1,
        null,
        null,
        1,
        null,
        null,
        1,
        null,
        null,
        null,
        null
      ],
      "/Users/timothychepeleff/challenges/apps/breakable_toy/config/initializers/assets.rb": [
        null,
        null,
        null,
        1,
        null,
        null,
        null,
        null,
        null,
        null,
        null
      ],
      "/Users/timothychepeleff/challenges/apps/breakable_toy/config/initializers/backtrace_silencers.rb": [
        null,
        null,
        null,
        null,
        null,
        null,
        null
      ],
      "/Users/timothychepeleff/challenges/apps/breakable_toy/config/initializers/chartkick.rb": [
        1,
        null,
        null,
        null,
        null,
        null,
        null,
        null,
        null,
        null,
        null,
        null,
        null,
        null,
        null,
        null,
        null,
        null,
        null,
        null,
        null,
        null,
        null,
        null,
        null,
        null,
        null,
        null,
        null,
        null,
        null,
        null,
        null,
        null,
        null,
        null,
        null,
        null,
        null,
        null,
        null,
        null,
        null,
        null,
        null,
        null,
        null,
        null,
        null,
        null,
        null,
        null,
        null,
        null,
        null,
        null,
        null,
        null,
        null,
        null,
        null,
        null,
        null,
        null,
        null,
        null,
        null,
        null,
        null,
        null,
        null,
        null,
        null,
        null,
        null,
        null,
        null,
        null,
        null,
        null,
        null,
        null,
        null,
        null,
        null,
        null,
        null,
        null,
        null,
        null,
        null,
        null,
        null,
        null,
        null,
        null,
        null,
        null,
        null,
        null,
        null,
        null,
        null,
        null,
        null,
        null,
        null,
        null,
        null,
        null,
        null,
        null,
        null,
        null,
        null,
        null,
        null,
        null,
        null,
        null,
        null,
        null,
        null,
        null,
        null,
        null,
        null,
        null,
        null,
        null,
        null,
        null,
        null,
        null,
        null,
        null,
        null,
        null,
        null,
        null,
        null,
        null,
        null,
        null,
        null,
        null,
        null,
        null,
        null,
        null,
        null,
        null,
        null,
        null,
        null,
        null,
        null,
        null,
        null,
        null,
        null,
        null,
        null,
        null,
        null,
        null,
        null,
        null,
        null,
        null,
        null,
        null,
        null,
        null,
        null,
        null,
        null,
        null,
        null,
        null,
        null,
        null,
        null,
        null
      ],
      "/Users/timothychepeleff/challenges/apps/breakable_toy/config/initializers/cookies_serializer.rb": [
        null,
        null,
        1
      ],
      "/Users/timothychepeleff/challenges/apps/breakable_toy/config/initializers/devise.rb": [
        1,
        1,
        null,
        1,
        1,
        1,
        1,
        1,
        1,
        1,
        1,
        1,
        1,
        null,
        1,
        null
      ],
      "/Users/timothychepeleff/challenges/apps/breakable_toy/config/initializers/filter_parameter_logging.rb": [
        null,
        null,
        null,
        1
      ],
      "/Users/timothychepeleff/challenges/apps/breakable_toy/config/initializers/inflections.rb": [
        null,
        null,
        null,
        null,
        null,
        null,
        null,
        null,
        null,
        null,
        null,
        null,
        null,
        null,
        null,
        null
      ],
      "/Users/timothychepeleff/challenges/apps/breakable_toy/config/initializers/mime_types.rb": [
        null,
        null,
        null,
        null
      ],
      "/Users/timothychepeleff/challenges/apps/breakable_toy/config/initializers/session_store.rb": [
        null,
        null,
        1
      ],
      "/Users/timothychepeleff/challenges/apps/breakable_toy/config/initializers/wrap_parameters.rb": [
        null,
        null,
        null,
        null,
        null,
        null,
        1,
        1,
        null,
        null,
        null,
        null,
        null,
        null
      ],
      "/Users/timothychepeleff/challenges/apps/breakable_toy/config/routes.rb": [
        1,
        1,
        1,
        null,
        1,
        1,
        null,
        null,
        1,
        1,
        null,
        null,
        1,
        null,
        1,
        null,
        1,
        1,
        null,
        null
      ],
      "/Users/timothychepeleff/challenges/apps/breakable_toy/app/models/user.rb": [
        1,
        1,
        1,
        1,
        1,
        1,
        1,
        1,
        1,
        1,
        1,
        1,
        1,
        null,
        1,
        null,
        null,
        null,
        1,
        null,
        null,
        null,
        1,
        3,
        0,
        0,
        0,
        0,
        0,
        0,
        0,
        0,
        0,
        null,
        null,
        null,
        1,
        0,
        0,
        null,
        0,
        0,
        0,
        0,
        0,
        null,
        null,
        0,
        0,
        0,
        0,
        0,
        0,
        null,
        null,
        0,
        null,
        0,
        0,
        null,
        null,
        null,
        1,
        0,
        null,
        null,
        1,
        0,
        null,
        null,
        1,
        0,
        null,
        null,
        1,
        0,
        0,
        0,
        null,
        0,
        null,
        null,
        1,
        3,
        0,
        null,
        3,
        null,
        0,
        null,
        null,
        1,
        0,
        0,
        null,
        null,
        null,
        1,
        0,
        0,
        0,
        0,
        null,
        null,
        0,
        null,
        null,
        1,
        null,
        null
      ],
      "/Users/timothychepeleff/challenges/apps/breakable_toy/app/helpers/application_helper.rb": [
        1,
        null
      ],
      "/Users/timothychepeleff/challenges/apps/breakable_toy/app/helpers/conversations_helper.rb": [
        1,
        null
      ],
      "/Users/timothychepeleff/challenges/apps/breakable_toy/app/helpers/friendships_helper.rb": [
        1,
        null
      ],
      "/Users/timothychepeleff/challenges/apps/breakable_toy/app/helpers/ideas_helper.rb": [
        1,
        null
      ],
      "/Users/timothychepeleff/challenges/apps/breakable_toy/app/helpers/messages_helper.rb": [
        1,
        1,
        0,
        null,
        null,
        1,
        0,
        null,
        null
      ],
      "/Users/timothychepeleff/challenges/apps/breakable_toy/app/helpers/preferences_helper.rb": [
        1,
        null
      ],
      "/Users/timothychepeleff/challenges/apps/breakable_toy/app/helpers/products_helper.rb": [
        1,
        null
      ],
      "/Users/timothychepeleff/challenges/apps/breakable_toy/app/helpers/profiles_helper.rb": [
        1,
        null
      ],
      "/Users/timothychepeleff/challenges/apps/breakable_toy/app/helpers/rejects_helper.rb": [
        1,
        null
      ],
      "/Users/timothychepeleff/challenges/apps/breakable_toy/app/helpers/static_helper.rb": [
        1,
        null
      ],
      "/Users/timothychepeleff/challenges/apps/breakable_toy/spec/support/valid_attribute.rb": [
        1
      ],
      "/Users/timothychepeleff/challenges/apps/breakable_toy/spec/support/factory_girl.rb": [
        1,
        null,
        1,
        1,
        4,
        1,
        4,
        4,
        1,
        4,
        1,
        null,
        null
      ],
      "/Users/timothychepeleff/challenges/apps/breakable_toy/spec/support/authentication_helper.rb": [
        1,
        1,
        3,
        3,
        3,
        null,
        null,
        1,
        3,
        null,
        null,
        null,
        null,
        null,
        null,
        null,
        null,
        null,
        null,
        null,
        3,
        null,
        null,
        null
      ],
      "/Users/timothychepeleff/challenges/apps/breakable_toy/app/controllers/conversations_controller.rb": [
        1,
        1,
        null,
        1,
        null,
        1,
        0,
        0,
        null,
        0,
        null,
        null,
        0,
        null,
        null,
        1,
        0,
        0,
        0,
        0,
        null,
        null,
        1,
        1,
        0,
        null,
        null,
        1,
        0,
        null,
        null
      ],
      "/Users/timothychepeleff/challenges/apps/breakable_toy/app/controllers/application_controller.rb": [
        1,
        null,
        null,
        1,
        1,
        null,
        1,
        null,
        1,
        6,
        null,
        null,
        null,
        null,
        null,
        null,
        null,
        null,
        null,
        null,
        null,
        null
      ],
      "/Users/timothychepeleff/challenges/apps/breakable_toy/spec/controllers/friendships_controller_spec.rb": [
        1,
        null,
        1,
        null
      ],
      "/Users/timothychepeleff/challenges/apps/breakable_toy/app/controllers/friendships_controller.rb": [
        1,
        1,
        0,
        0,
        0,
        null,
        null,
        1,
        0,
        0,
        0,
        0,
        null,
        0,
        0,
        null,
        null,
        0,
        0,
        null,
        null,
        null,
        1,
        0,
        0,
        0,
        0,
        null,
        null
      ],
      "/Users/timothychepeleff/challenges/apps/breakable_toy/spec/controllers/messages_controller_spec.rb": [
        1,
        null,
        1,
        null,
        null
      ],
      "/Users/timothychepeleff/challenges/apps/breakable_toy/app/controllers/messages_controller.rb": [
        1,
        1,
        null,
        1,
        0,
        0,
        0,
        0,
        null,
        0,
        0,
        0,
        null,
        null,
        1,
        null,
        1,
        0,
        null,
        null
      ],
      "/Users/timothychepeleff/challenges/apps/breakable_toy/spec/controllers/projects_controller_spec.rb": [
        1,
        null,
        1,
        null
      ],
      "/Users/timothychepeleff/challenges/apps/breakable_toy/app/controllers/projects_controller.rb": [
        1,
        1,
        0,
        null,
        null,
        1,
        0,
        0,
        0,
        0,
        null,
        0,
        null,
        null,
        null,
        1,
        0,
        null,
        null,
        1,
        0,
        null,
        null,
        1,
        0,
        0,
        null,
        0,
        0,
        null,
        0,
        null,
        null,
        null,
        1,
        0,
        0,
        null,
        0,
        0,
        null,
        0,
        null,
        null,
        null,
        1,
        null,
        1,
        0,
        null,
        null
      ],
      "/Users/timothychepeleff/challenges/apps/breakable_toy/spec/controllers/rejects_controller_spec.rb": [
        1,
        null,
        1,
        null
      ],
      "/Users/timothychepeleff/challenges/apps/breakable_toy/app/controllers/rejects_controller.rb": [
        1,
        1,
        0,
        null,
        0,
        0,
        0,
        null,
        0,
        0,
        null,
        null,
        0,
        0,
        null,
        null,
        null,
        1,
        0,
        0,
        0,
        0,
        null,
        null
      ],
      "/Users/timothychepeleff/challenges/apps/breakable_toy/spec/controllers/users_controller_spec.rb": [
        1,
        null,
        1,
        null
      ],
      "/Users/timothychepeleff/challenges/apps/breakable_toy/app/controllers/users_controller.rb": [
        1,
        1,
        0,
        0,
        0,
        null,
        0,
        null,
        null,
        0,
        0,
        0,
        null,
        null,
        null,
        1,
        3,
        3,
        3,
        null,
        null,
        1,
        0,
        0,
        0,
        0,
        0,
        0,
        0,
        0,
        null,
        null,
        null,
        0,
        null,
        null,
        0,
        0,
        0,
        0,
        null,
        null,
        null,
        0,
        null,
        0,
        0,
        0,
        null,
        0,
        0,
        null,
        null,
        null,
        1,
        0,
        0,
        null,
        null,
        1,
        null,
        1,
        0,
        null,
        null,
        null,
        null,
        null,
        null,
        null,
        null,
        null,
        null,
        null,
        null
      ],
      "/Users/timothychepeleff/challenges/apps/breakable_toy/spec/features/user_signs_in_spec.rb": [
        1,
        null,
        1,
        null,
        null,
        null,
        null,
        1,
        1,
        null,
        1,
        null,
        1,
        1,
        null,
        null
      ],
      "/Users/timothychepeleff/challenges/apps/breakable_toy/spec/features/user_signs_out_spec.rb": [
        1,
        null,
        1,
        null,
        null,
        null,
        null,
        null,
        null,
        null,
        null,
        null,
        1,
        1,
        null,
        1,
        null,
        1,
        null,
        1,
        1,
        null,
        null,
        1,
        1,
        1,
        null,
        null
      ],
      "/Users/timothychepeleff/challenges/apps/breakable_toy/spec/features/user_signs_up_github_spec.rb": [
        1,
        null,
        1,
        null,
        null,
        null,
        null,
        null,
        2,
        null,
        1,
        1,
        null,
        1,
        1,
        null,
        null
      ],
      "/Users/timothychepeleff/challenges/apps/breakable_toy/spec/helpers/conversations_helper_spec.rb": [
        1,
        null,
        null,
        null,
        null,
        null,
        null,
        null,
        null,
        null,
        null,
        null,
        1,
        1,
        null
      ],
      "/Users/timothychepeleff/challenges/apps/breakable_toy/spec/helpers/friendships_helper_spec.rb": [
        1,
        null,
        null,
        null,
        null,
        null,
        null,
        null,
        null,
        null,
        null,
        null,
        1,
        1,
        null
      ],
      "/Users/timothychepeleff/challenges/apps/breakable_toy/spec/helpers/messages_helper_spec.rb": [
        1,
        null,
        null,
        null,
        null,
        null,
        null,
        null,
        null,
        null,
        null,
        null,
        1,
        1,
        null
      ],
      "/Users/timothychepeleff/challenges/apps/breakable_toy/spec/helpers/rejects_helper_spec.rb": [
        1,
        null,
        null,
        null,
        null,
        null,
        null,
        null,
        null,
        null,
        null,
        null,
        1,
        1,
        null
      ],
      "/Users/timothychepeleff/challenges/apps/breakable_toy/spec/models/conversation_spec.rb": [
        1,
        null,
        1,
        1,
        null
      ],
      "/Users/timothychepeleff/challenges/apps/breakable_toy/app/models/conversation.rb": [
        1,
        1,
        1,
        null,
        1,
        null,
        1,
        null,
        1,
        0,
        null,
        null,
        1,
        0,
        null,
        null
      ],
      "/Users/timothychepeleff/challenges/apps/breakable_toy/spec/models/friendship_spec.rb": [
        1,
        null,
        1,
        1,
        null
      ],
      "/Users/timothychepeleff/challenges/apps/breakable_toy/app/models/friendship.rb": [
        1,
        1,
        1,
        null
      ],
      "/Users/timothychepeleff/challenges/apps/breakable_toy/spec/models/message_spec.rb": [
        1,
        null,
        1,
        1,
        null
      ],
      "/Users/timothychepeleff/challenges/apps/breakable_toy/app/models/message.rb": [
        1,
        1,
        1,
        null,
        1,
        null
      ],
      "/Users/timothychepeleff/challenges/apps/breakable_toy/spec/models/preference_spec.rb": [
        1,
        null,
        1,
        1,
        null
      ],
      "/Users/timothychepeleff/challenges/apps/breakable_toy/app/models/preference.rb": [
        1,
        1,
        1,
        1,
        null
      ],
      "/Users/timothychepeleff/challenges/apps/breakable_toy/spec/models/reject_spec.rb": [
        1,
        null,
        1,
        1,
        null
      ],
      "/Users/timothychepeleff/challenges/apps/breakable_toy/app/models/reject.rb": [
        1,
        1,
        1,
        1,
        null
      ],
      "/Users/timothychepeleff/challenges/apps/breakable_toy/spec/models/skill_spec.rb": [
        1,
        null,
        1,
        1,
        null
      ],
      "/Users/timothychepeleff/challenges/apps/breakable_toy/app/models/skill.rb": [
        1,
        1,
        1,
        1,
        null
      ],
      "/Users/timothychepeleff/challenges/apps/breakable_toy/spec/models/user_preference_spec.rb": [
        1,
        null,
        1,
        1,
        null
      ],
      "/Users/timothychepeleff/challenges/apps/breakable_toy/app/models/user_preference.rb": [
        1,
        1,
        1,
        1,
        1,
        null
      ],
      "/Users/timothychepeleff/challenges/apps/breakable_toy/app/controllers/callbacks_controller.rb": [
        1,
        1,
        3,
        3,
        null,
        null
      ],
      "/Users/timothychepeleff/challenges/apps/breakable_toy/app/controllers/static_controller.rb": [
        1,
        1,
        3,
        3,
        null,
        null,
        null
      ],
      "/Users/timothychepeleff/challenges/apps/breakable_toy/app/models/user_skill.rb": [
        1,
        1,
        1,
        1,
        1,
        null
      ]
    },
    "timestamp": 1437579866
  }
}
